<?xml version="1.0" encoding="UTF-8"?>
<testng-results ignored="0" total="1" passed="1" failed="0" skipped="0">
  <reporter-output>
  </reporter-output>
  <suite started-at="2024-09-15T19:44:27 IST" name="Default suite" finished-at="2024-09-15T19:44:55 IST" duration-ms="28176">
    <groups>
    </groups>
    <test started-at="2024-09-15T19:44:27 IST" name="Default test" finished-at="2024-09-15T19:44:55 IST" duration-ms="28176">
      <class name="com.Pric_testScripts.VerifyUserIsAbleToCreateLockedMessage">
        <test-method is-config="true" signature="beforeSuite()[pri:0, instance:com.Pric_testScripts.VerifyUserIsAbleToCreateLockedMessage@2d1ef81a]" started-at="2024-09-15T19:44:27 IST" name="beforeSuite" finished-at="2024-09-15T19:44:27 IST" duration-ms="10" status="PASS">
          <reporter-output>
          </reporter-output>
        </test-method> <!-- beforeSuite -->
        <test-method is-config="true" signature="beforeTest()[pri:0, instance:com.Pric_testScripts.VerifyUserIsAbleToCreateLockedMessage@2d1ef81a]" started-at="2024-09-15T19:44:27 IST" name="beforeTest" finished-at="2024-09-15T19:44:27 IST" duration-ms="203" status="PASS">
          <reporter-output>
          </reporter-output>
        </test-method> <!-- beforeTest -->
        <test-method is-config="true" signature="beforeClass()[pri:0, instance:com.Pric_testScripts.VerifyUserIsAbleToCreateLockedMessage@2d1ef81a]" started-at="2024-09-15T19:44:27 IST" name="beforeClass" finished-at="2024-09-15T19:44:30 IST" duration-ms="2146" status="PASS">
          <reporter-output>
          </reporter-output>
        </test-method> <!-- beforeClass -->
        <test-method is-config="true" signature="beforeMethod()[pri:0, instance:com.Pric_testScripts.VerifyUserIsAbleToCreateLockedMessage@2d1ef81a]" started-at="2024-09-15T19:44:30 IST" name="beforeMethod" finished-at="2024-09-15T19:44:30 IST" duration-ms="284" status="PASS">
          <reporter-output>
          </reporter-output>
        </test-method> <!-- beforeMethod -->
        <test-method signature="createLockedMessage()[pri:0, instance:com.Pric_testScripts.VerifyUserIsAbleToCreateLockedMessage@2d1ef81a]" started-at="2024-09-15T19:44:30 IST" name="createLockedMessage" finished-at="2024-09-15T19:44:49 IST" duration-ms="19033" status="PASS">
          <reporter-output>
          </reporter-output>
        </test-method> <!-- createLockedMessage -->
        <test-method is-config="true" signature="afterMethod()[pri:0, instance:com.Pric_testScripts.VerifyUserIsAbleToCreateLockedMessage@2d1ef81a]" started-at="2024-09-15T19:44:49 IST" name="afterMethod" finished-at="2024-09-15T19:44:51 IST" duration-ms="2237" status="PASS">
          <reporter-output>
          </reporter-output>
        </test-method> <!-- afterMethod -->
        <test-method is-config="true" signature="afterClass()[pri:0, instance:com.Pric_testScripts.VerifyUserIsAbleToCreateLockedMessage@2d1ef81a]" started-at="2024-09-15T19:44:51 IST" name="afterClass" finished-at="2024-09-15T19:44:54 IST" duration-ms="3292" status="PASS">
          <reporter-output>
          </reporter-output>
        </test-method> <!-- afterClass -->
        <test-method is-config="true" signature="afterTest()[pri:0, instance:com.Pric_testScripts.VerifyUserIsAbleToCreateLockedMessage@2d1ef81a]" started-at="2024-09-15T19:44:54 IST" name="afterTest" finished-at="2024-09-15T19:44:55 IST" duration-ms="943" status="PASS">
          <reporter-output>
          </reporter-output>
        </test-method> <!-- afterTest -->
        <test-method is-config="true" signature="afterSuite()[pri:0, instance:com.Pric_testScripts.VerifyUserIsAbleToCreateLockedMessage@2d1ef81a]" started-at="2024-09-15T19:44:56 IST" name="afterSuite" finished-at="2024-09-15T19:44:56 IST" duration-ms="0" status="PASS">
          <reporter-output>
          </reporter-output>
        </test-method> <!-- afterSuite -->
      </class> <!-- com.Pric_testScripts.VerifyUserIsAbleToCreateLockedMessage -->
    </test> <!-- Default test -->
  </suite> <!-- Default suite -->
</testng-results>
